# JRE version: OpenJDK Runtime Environment Temurin-21.0.10+7 (21.0.10+7) (build 21.0.10+7-LTS)
# Java VM: OpenJDK 64-Bit Server VM Temurin-21.0.10+7 (21.0.10+7-LTS, mixed mode, sharing, tiered, compressed oops, compressed class ptrs, parallel gc, windows-amd64)
GC Precious Log:
 CardTable entry size: 512
 CPUs: 8 total, 8 available
 Memory: 16155M
 Large Page Support: Disabled
 NUMA Support: Disabled
 Compressed Oops: Enabled (32-bit)
 Alignments: Space 512K, Generation 512K, Heap 2M
 Heap Min Capacity: 100M
 Heap Initial Capacity: 100M
 Heap Max Capacity: 2G
 Pre-touch: Disabled
 Parallel Workers: 8
Heap:
 PSYoungGen      total 7680K, used 5124K [0x00000000d5580000, 0x00000000d5e80000, 0x0000000100000000)
  eden space 7168K, 68% used [0x00000000d5580000,0x00000000d5a512b8,0x00000000d5c80000)
  from space 512K, 37% used [0x00000000d5e00000,0x00000000d5e30000,0x00000000d5e80000)
  to   space 512K, 0% used [0x00000000d5c80000,0x00000000d5c80000,0x00000000d5d00000)
 ParOldGen       total 444416K, used 443958K [0x0000000080000000, 0x000000009b200000, 0x00000000d5580000)
  object space 444416K, 99% used [0x0000000080000000,0x000000009b18d818,0x000000009b200000)
 Metaspace       used 65389K, committed 66880K, reserved 1114112K
  class space    used 6821K, committed 7424K, reserved 1048576K
GC Heap History (20 events):
Event: 15.526 GC heap before
{Heap before GC invocations=446 (full 3):
 PSYoungGen      total 7680K, used 7524K [0x00000000d5580000, 0x00000000d5e80000, 0x0000000100000000)
  eden space 7168K, 100% used [0x00000000d5580000,0x00000000d5c80000,0x00000000d5c80000)
  from space 512K, 69% used [0x00000000d5e00000,0x00000000d5e59218,0x00000000d5e80000)
  to   space 512K, 0% used [0x00000000d5c80000,0x00000000d5c80000,0x00000000d5d00000)
 ParOldGen       total 442880K, used 442753K [0x0000000080000000, 0x000000009b080000, 0x00000000d5580000)
  object space 442880K, 99% used [0x0000000080000000,0x000000009b060538,0x000000009b080000)
 Metaspace       used 64321K, committed 65856K, reserved 1114112K
  class space    used 6688K, committed 7296K, reserved 1048576K
}
Event: 15.528 GC heap after
{Heap after GC invocations=446 (full 3):
 PSYoungGen      total 7680K, used 256K [0x00000000d5580000, 0x00000000d5e80000, 0x0000000100000000)
  eden space 7168K, 0% used [0x00000000d5580000,0x00000000d5580000,0x00000000d5c80000)
  from space 512K, 50% used [0x00000000d5c80000,0x00000000d5cc0000,0x00000000d5d00000)
  to   space 512K, 0% used [0x00000000d5e00000,0x00000000d5e00000,0x00000000d5e80000)
 ParOldGen       total 443392K, used 442913K [0x0000000080000000, 0x000000009b100000, 0x00000000d5580000)
  object space 443392K, 99% used [0x0000000080000000,0x000000009b088618,0x000000009b100000)
 Metaspace       used 64321K, committed 65856K, reserved 1114112K
  class space    used 6688K, committed 7296K, reserved 1048576K
}
Event: 15.537 GC heap before
{Heap before GC invocations=447 (full 3):
 PSYoungGen      total 7680K, used 7423K [0x00000000d5580000, 0x00000000d5e80000, 0x0000000100000000)
  eden space 7168K, 99% used [0x00000000d5580000,0x00000000d5c7fff0,0x00000000d5c80000)
  from space 512K, 50% used [0x00000000d5c80000,0x00000000d5cc0000,0x00000000d5d00000)
  to   space 512K, 0% used [0x00000000d5e00000,0x00000000d5e00000,0x00000000d5e80000)
 ParOldGen       total 443392K, used 442913K [0x0000000080000000, 0x000000009b100000, 0x00000000d5580000)
  object space 443392K, 99% used [0x0000000080000000,0x000000009b088618,0x000000009b100000)
 Metaspace       used 64323K, committed 65856K, reserved 1114112K
  class space    used 6688K, committed 7296K, reserved 1048576K
}
Event: 15.538 GC heap after
{Heap after GC invocations=447 (full 3):
 PSYoungGen      total 7680K, used 352K [0x00000000d5580000, 0x00000000d5e80000, 0x0000000100000000)
  eden space 7168K, 0% used [0x00000000d5580000,0x00000000d5580000,0x00000000d5c80000)
  from space 512K, 68% used [0x00000000d5e00000,0x00000000d5e58000,0x00000000d5e80000)
  to   space 512K, 0% used [0x00000000d5c80000,0x00000000d5c80000,0x00000000d5d00000)
 ParOldGen       total 443392K, used 443049K [0x0000000080000000, 0x000000009b100000, 0x00000000d5580000)
  object space 443392K, 99% used [0x0000000080000000,0x000000009b0aa618,0x000000009b100000)
 Metaspace       used 64323K, committed 65856K, reserved 1114112K
  class space    used 6688K, committed 7296K, reserved 1048576K
}
Event: 15.549 GC heap before
{Heap before GC invocations=448 (full 3):
 PSYoungGen      total 7680K, used 7469K [0x00000000d5580000, 0x00000000d5e80000, 0x0000000100000000)
  eden space 7168K, 99% used [0x00000000d5580000,0x00000000d5c73570,0x00000000d5c80000)
  from space 512K, 68% used [0x00000000d5e00000,0x00000000d5e58000,0x00000000d5e80000)
  to   space 512K, 0% used [0x00000000d5c80000,0x00000000d5c80000,0x00000000d5d00000)
 ParOldGen       total 443392K, used 443049K [0x0000000080000000, 0x000000009b100000, 0x00000000d5580000)
  object space 443392K, 99% used [0x0000000080000000,0x000000009b0aa618,0x000000009b100000)
 Metaspace       used 64336K, committed 65856K, reserved 1114112K
  class space    used 6689K, committed 7296K, reserved 1048576K
}
Event: 15.551 GC heap after
{Heap after GC invocations=448 (full 3):
 PSYoungGen      total 7680K, used 288K [0x00000000d5580000, 0x00000000d5e80000, 0x0000000100000000)
  eden space 7168K, 0% used [0x00000000d5580000,0x00000000d5580000,0x00000000d5c80000)
  from space 512K, 56% used [0x00000000d5c80000,0x00000000d5cc8000,0x00000000d5d00000)
  to   space 512K, 0% used [0x00000000d5e00000,0x00000000d5e00000,0x00000000d5e80000)
 ParOldGen       total 443392K, used 443193K [0x0000000080000000, 0x000000009b100000, 0x00000000d5580000)
  object space 443392K, 99% used [0x0000000080000000,0x000000009b0ce618,0x000000009b100000)
 Metaspace       used 64336K, committed 65856K, reserved 1114112K
  class space    used 6689K, committed 7296K, reserved 1048576K
}
Event: 15.563 GC heap before
{Heap before GC invocations=449 (full 3):
 PSYoungGen      total 7680K, used 7404K [0x00000000d5580000, 0x00000000d5e80000, 0x0000000100000000)
  eden space 7168K, 99% used [0x00000000d5580000,0x00000000d5c73208,0x00000000d5c80000)
  from space 512K, 56% used [0x00000000d5c80000,0x00000000d5cc8000,0x00000000d5d00000)
  to   space 512K, 0% used [0x00000000d5e00000,0x00000000d5e00000,0x00000000d5e80000)
 ParOldGen       total 443392K, used 443193K [0x0000000080000000, 0x000000009b100000, 0x00000000d5580000)
  object space 443392K, 99% used [0x0000000080000000,0x000000009b0ce618,0x000000009b100000)
 Metaspace       used 64340K, committed 65856K, reserved 1114112K
  class space    used 6689K, committed 7296K, reserved 1048576K
}
Event: 15.564 GC heap after
{Heap after GC invocations=449 (full 3):
 PSYoungGen      total 7680K, used 224K [0x00000000d5580000, 0x00000000d5e80000, 0x0000000100000000)
  eden space 7168K, 0% used [0x00000000d5580000,0x00000000d5580000,0x00000000d5c80000)
  from space 512K, 43% used [0x00000000d5e00000,0x00000000d5e38000,0x00000000d5e80000)
  to   space 512K, 0% used [0x00000000d5c80000,0x00000000d5c80000,0x00000000d5d00000)
 ParOldGen       total 443392K, used 443377K [0x0000000080000000, 0x000000009b100000, 0x00000000d5580000)
  object space 443392K, 99% used [0x0000000080000000,0x000000009b0fc618,0x000000009b100000)
 Metaspace       used 64340K, committed 65856K, reserved 1114112K
  class space    used 6689K, committed 7296K, reserved 1048576K
}
Event: 15.576 GC heap before
{Heap before GC invocations=450 (full 3):
 PSYoungGen      total 7680K, used 7392K [0x00000000d5580000, 0x00000000d5e80000, 0x0000000100000000)
  eden space 7168K, 100% used [0x00000000d5580000,0x00000000d5c80000,0x00000000d5c80000)
  from space 512K, 43% used [0x00000000d5e00000,0x00000000d5e38000,0x00000000d5e80000)
  to   space 512K, 0% used [0x00000000d5c80000,0x00000000d5c80000,0x00000000d5d00000)
 ParOldGen       total 443392K, used 443377K [0x0000000080000000, 0x000000009b100000, 0x00000000d5580000)
  object space 443392K, 99% used [0x0000000080000000,0x000000009b0fc618,0x000000009b100000)
 Metaspace       used 64352K, committed 65856K, reserved 1114112K
  class space    used 6689K, committed 7296K, reserved 1048576K
}
Event: 15.578 GC heap after
{Heap after GC invocations=450 (full 3):
 PSYoungGen      total 7680K, used 288K [0x00000000d5580000, 0x00000000d5e80000, 0x0000000100000000)
  eden space 7168K, 0% used [0x00000000d5580000,0x00000000d5580000,0x00000000d5c80000)
  from space 512K, 56% used [0x00000000d5c80000,0x00000000d5cc8000,0x00000000d5d00000)
  to   space 512K, 0% used [0x00000000d5e00000,0x00000000d5e00000,0x00000000d5e80000)
 ParOldGen       total 443904K, used 443537K [0x0000000080000000, 0x000000009b180000, 0x00000000d5580000)
  object space 443904K, 99% used [0x0000000080000000,0x000000009b124618,0x000000009b180000)
 Metaspace       used 64352K, committed 65856K, reserved 1114112K
  class space    used 6689K, committed 7296K, reserved 1048576K
}
Event: 15.593 GC heap before
{Heap before GC invocations=451 (full 3):
 PSYoungGen      total 7680K, used 7456K [0x00000000d5580000, 0x00000000d5e80000, 0x0000000100000000)
  eden space 7168K, 100% used [0x00000000d5580000,0x00000000d5c80000,0x00000000d5c80000)
  from space 512K, 56% used [0x00000000d5c80000,0x00000000d5cc8000,0x00000000d5d00000)
  to   space 512K, 0% used [0x00000000d5e00000,0x00000000d5e00000,0x00000000d5e80000)
 ParOldGen       total 443904K, used 443537K [0x0000000080000000, 0x000000009b180000, 0x00000000d5580000)
  object space 443904K, 99% used [0x0000000080000000,0x000000009b124618,0x000000009b180000)
 Metaspace       used 64392K, committed 65920K, reserved 1114112K
  class space    used 6693K, committed 7296K, reserved 1048576K
}
Event: 15.594 GC heap after
{Heap after GC invocations=451 (full 3):
 PSYoungGen      total 7680K, used 319K [0x00000000d5580000, 0x00000000d5e80000, 0x0000000100000000)
  eden space 7168K, 0% used [0x00000000d5580000,0x00000000d5580000,0x00000000d5c80000)
  from space 512K, 62% used [0x00000000d5e00000,0x00000000d5e4ffd0,0x00000000d5e80000)
  to   space 512K, 0% used [0x00000000d5c80000,0x00000000d5c80000,0x00000000d5d00000)
 ParOldGen       total 443904K, used 443657K [0x0000000080000000, 0x000000009b180000, 0x00000000d5580000)
  object space 443904K, 99% used [0x0000000080000000,0x000000009b142618,0x000000009b180000)
 Metaspace       used 64392K, committed 65920K, reserved 1114112K
  class space    used 6693K, committed 7296K, reserved 1048576K
}
Event: 15.607 GC heap before
{Heap before GC invocations=452 (full 3):
 PSYoungGen      total 7680K, used 7487K [0x00000000d5580000, 0x00000000d5e80000, 0x0000000100000000)
  eden space 7168K, 100% used [0x00000000d5580000,0x00000000d5c80000,0x00000000d5c80000)
  from space 512K, 62% used [0x00000000d5e00000,0x00000000d5e4ffd0,0x00000000d5e80000)
  to   space 512K, 0% used [0x00000000d5c80000,0x00000000d5c80000,0x00000000d5d00000)
 ParOldGen       total 443904K, used 443657K [0x0000000080000000, 0x000000009b180000, 0x00000000d5580000)
  object space 443904K, 99% used [0x0000000080000000,0x000000009b142618,0x000000009b180000)
 Metaspace       used 64467K, committed 65984K, reserved 1114112K
  class space    used 6702K, committed 7296K, reserved 1048576K
}
Event: 15.608 GC heap after
{Heap after GC invocations=452 (full 3):
 PSYoungGen      total 7680K, used 413K [0x00000000d5580000, 0x00000000d5e80000, 0x0000000100000000)
  eden space 7168K, 0% used [0x00000000d5580000,0x00000000d5580000,0x00000000d5c80000)
  from space 512K, 80% used [0x00000000d5c80000,0x00000000d5ce7698,0x00000000d5d00000)
  to   space 512K, 0% used [0x00000000d5e00000,0x00000000d5e00000,0x00000000d5e80000)
 ParOldGen       total 443904K, used 443721K [0x0000000080000000, 0x000000009b180000, 0x00000000d5580000)
  object space 443904K, 99% used [0x0000000080000000,0x000000009b152618,0x000000009b180000)
 Metaspace       used 64467K, committed 65984K, reserved 1114112K
  class space    used 6702K, committed 7296K, reserved 1048576K
}
Event: 15.622 GC heap before
{Heap before GC invocations=453 (full 3):
 PSYoungGen      total 7680K, used 7569K [0x00000000d5580000, 0x00000000d5e80000, 0x0000000100000000)
  eden space 7168K, 99% used [0x00000000d5580000,0x00000000d5c7d0f0,0x00000000d5c80000)
  from space 512K, 80% used [0x00000000d5c80000,0x00000000d5ce7698,0x00000000d5d00000)
  to   space 512K, 0% used [0x00000000d5e00000,0x00000000d5e00000,0x00000000d5e80000)
 ParOldGen       total 443904K, used 443721K [0x0000000080000000, 0x000000009b180000, 0x00000000d5580000)
  object space 443904K, 99% used [0x0000000080000000,0x000000009b152618,0x000000009b180000)
 Metaspace       used 64467K, committed 65984K, reserved 1114112K
  class space    used 6702K, committed 7296K, reserved 1048576K
}
Event: 15.623 GC heap after
{Heap after GC invocations=453 (full 3):
 PSYoungGen      total 7680K, used 288K [0x00000000d5580000, 0x00000000d5e80000, 0x0000000100000000)
  eden space 7168K, 0% used [0x00000000d5580000,0x00000000d5580000,0x00000000d5c80000)
  from space 512K, 56% used [0x00000000d5e00000,0x00000000d5e48000,0x00000000d5e80000)
  to   space 512K, 0% used [0x00000000d5c80000,0x00000000d5c80000,0x00000000d5d00000)
 ParOldGen       total 443904K, used 443777K [0x0000000080000000, 0x000000009b180000, 0x00000000d5580000)
  object space 443904K, 99% used [0x0000000080000000,0x000000009b160618,0x000000009b180000)
 Metaspace       used 64467K, committed 65984K, reserved 1114112K
  class space    used 6702K, committed 7296K, reserved 1048576K
}
Event: 15.659 GC heap before
{Heap before GC invocations=454 (full 3):
 PSYoungGen      total 7680K, used 7456K [0x00000000d5580000, 0x00000000d5e80000, 0x0000000100000000)
  eden space 7168K, 100% used [0x00000000d5580000,0x00000000d5c80000,0x00000000d5c80000)
  from space 512K, 56% used [0x00000000d5e00000,0x00000000d5e48000,0x00000000d5e80000)
  to   space 512K, 0% used [0x00000000d5c80000,0x00000000d5c80000,0x00000000d5d00000)
 ParOldGen       total 443904K, used 443777K [0x0000000080000000, 0x000000009b180000, 0x00000000d5580000)
  object space 443904K, 99% used [0x0000000080000000,0x000000009b160618,0x000000009b180000)
 Metaspace       used 64493K, committed 65984K, reserved 1114112K
  class space    used 6702K, committed 7296K, reserved 1048576K
}
Event: 15.660 GC heap after
{Heap after GC invocations=454 (full 3):
 PSYoungGen      total 7680K, used 304K [0x00000000d5580000, 0x00000000d5e80000, 0x0000000100000000)
  eden space 7168K, 0% used [0x00000000d5580000,0x00000000d5580000,0x00000000d5c80000)
  from space 512K, 59% used [0x00000000d5c80000,0x00000000d5ccc3d8,0x00000000d5d00000)
  to   space 512K, 0% used [0x00000000d5e00000,0x00000000d5e00000,0x00000000d5e80000)
 ParOldGen       total 443904K, used 443867K [0x0000000080000000, 0x000000009b180000, 0x00000000d5580000)
  object space 443904K, 99% used [0x0000000080000000,0x000000009b176f18,0x000000009b180000)
 Metaspace       used 64493K, committed 65984K, reserved 1114112K
  class space    used 6702K, committed 7296K, reserved 1048576K
}
Event: 15.761 GC heap before
{Heap before GC invocations=455 (full 3):
 PSYoungGen      total 7680K, used 7472K [0x00000000d5580000, 0x00000000d5e80000, 0x0000000100000000)
  eden space 7168K, 100% used [0x00000000d5580000,0x00000000d5c80000,0x00000000d5c80000)
  from space 512K, 59% used [0x00000000d5c80000,0x00000000d5ccc3d8,0x00000000d5d00000)
  to   space 512K, 0% used [0x00000000d5e00000,0x00000000d5e00000,0x00000000d5e80000)
 ParOldGen       total 443904K, used 443867K [0x0000000080000000, 0x000000009b180000, 0x00000000d5580000)
  object space 443904K, 99% used [0x0000000080000000,0x000000009b176f18,0x000000009b180000)
 Metaspace       used 65064K, committed 66624K, reserved 1114112K
  class space    used 6801K, committed 7424K, reserved 1048576K
}
Event: 15.763 GC heap after
{Heap after GC invocations=455 (full 3):
 PSYoungGen      total 7680K, used 192K [0x00000000d5580000, 0x00000000d5e80000, 0x0000000100000000)
  eden space 7168K, 0% used [0x00000000d5580000,0x00000000d5580000,0x00000000d5c80000)
  from space 512K, 37% used [0x00000000d5e00000,0x00000000d5e30000,0x00000000d5e80000)
  to   space 512K, 0% used [0x00000000d5c80000,0x00000000d5c80000,0x00000000d5d00000)
 ParOldGen       total 444416K, used 443958K [0x0000000080000000, 0x000000009b200000, 0x00000000d5580000)
  object space 444416K, 99% used [0x0000000080000000,0x000000009b18d818,0x000000009b200000)
 Metaspace       used 65064K, committed 66624K, reserved 1114112K
  class space    used 6801K, committed 7424K, reserved 1048576K
}

