# JRE version: OpenJDK Runtime Environment Temurin-21.0.10+7 (21.0.10+7) (build 21.0.10+7-LTS)
# Java VM: OpenJDK 64-Bit Server VM Temurin-21.0.10+7 (21.0.10+7-LTS, mixed mode, sharing, tiered, compressed oops, compressed class ptrs, parallel gc, windows-amd64)
GC Precious Log:
 CardTable entry size: 512
 CPUs: 8 total, 8 available
 Memory: 16155M
 Large Page Support: Disabled
 NUMA Support: Disabled
 Compressed Oops: Enabled (32-bit)
 Alignments: Space 512K, Generation 512K, Heap 2M
 Heap Min Capacity: 100M
 Heap Initial Capacity: 100M
 Heap Max Capacity: 2G
 Pre-touch: Disabled
 Parallel Workers: 8
Heap:
 PSYoungGen      total 3072K, used 1365K [0x00000000d5580000, 0x00000000d5980000, 0x0000000100000000)
  eden space 1536K, 36% used [0x00000000d5580000,0x00000000d560b4b8,0x00000000d5700000)
  from space 1536K, 52% used [0x00000000d5700000,0x00000000d57ca0d0,0x00000000d5880000)
  to   space 1024K, 0% used [0x00000000d5880000,0x00000000d5880000,0x00000000d5980000)
 ParOldGen       total 331776K, used 331535K [0x0000000080000000, 0x0000000094400000, 0x00000000d5580000)
  object space 331776K, 99% used [0x0000000080000000,0x00000000943c3e30,0x0000000094400000)
 Metaspace       used 72021K, committed 73472K, reserved 1114112K
  class space    used 7637K, committed 8256K, reserved 1048576K
GC Heap History (20 events):
Event: 25.723 GC heap before
{Heap before GC invocations=1147 (full 5):
 PSYoungGen      total 4096K, used 4089K [0x00000000d5580000, 0x00000000d5f00000, 0x0000000100000000)
  eden space 2560K, 100% used [0x00000000d5580000,0x00000000d5800000,0x00000000d5800000)
  from space 1536K, 99% used [0x00000000d5800000,0x00000000d597e4a8,0x00000000d5980000)
  to   space 3584K, 0% used [0x00000000d5b80000,0x00000000d5b80000,0x00000000d5f00000)
 ParOldGen       total 322560K, used 322443K [0x0000000080000000, 0x0000000093b00000, 0x00000000d5580000)
  object space 322560K, 99% used [0x0000000080000000,0x0000000093ae2cf0,0x0000000093b00000)
 Metaspace       used 71458K, committed 72960K, reserved 1114112K
  class space    used 7570K, committed 8192K, reserved 1048576K
}
Event: 25.726 GC heap after
{Heap after GC invocations=1147 (full 5):
 PSYoungGen      total 5120K, used 1776K [0x00000000d5580000, 0x00000000d5d80000, 0x0000000100000000)
  eden space 3072K, 0% used [0x00000000d5580000,0x00000000d5580000,0x00000000d5880000)
  from space 2048K, 86% used [0x00000000d5b80000,0x00000000d5d3c010,0x00000000d5d80000)
  to   space 2560K, 0% used [0x00000000d5880000,0x00000000d5880000,0x00000000d5b00000)
 ParOldGen       total 324096K, used 323904K [0x0000000080000000, 0x0000000093c80000, 0x00000000d5580000)
  object space 324096K, 99% used [0x0000000080000000,0x0000000093c50018,0x0000000093c80000)
 Metaspace       used 71458K, committed 72960K, reserved 1114112K
  class space    used 7570K, committed 8192K, reserved 1048576K
}
Event: 25.745 GC heap before
{Heap before GC invocations=1148 (full 5):
 PSYoungGen      total 5120K, used 4777K [0x00000000d5580000, 0x00000000d5d80000, 0x0000000100000000)
  eden space 3072K, 97% used [0x00000000d5580000,0x00000000d586e608,0x00000000d5880000)
  from space 2048K, 86% used [0x00000000d5b80000,0x00000000d5d3c010,0x00000000d5d80000)
  to   space 2560K, 0% used [0x00000000d5880000,0x00000000d5880000,0x00000000d5b00000)
 ParOldGen       total 324096K, used 323904K [0x0000000080000000, 0x0000000093c80000, 0x00000000d5580000)
  object space 324096K, 99% used [0x0000000080000000,0x0000000093c50018,0x0000000093c80000)
 Metaspace       used 71509K, committed 73024K, reserved 1114112K
  class space    used 7577K, committed 8192K, reserved 1048576K
}
Event: 25.747 GC heap after
{Heap after GC invocations=1148 (full 5):
 PSYoungGen      total 5632K, used 288K [0x00000000d5580000, 0x00000000d5c00000, 0x0000000100000000)
  eden space 3072K, 0% used [0x00000000d5580000,0x00000000d5580000,0x00000000d5880000)
  from space 2560K, 11% used [0x00000000d5880000,0x00000000d58c8020,0x00000000d5b00000)
  to   space 1024K, 0% used [0x00000000d5b00000,0x00000000d5b00000,0x00000000d5c00000)
 ParOldGen       total 325632K, used 325592K [0x0000000080000000, 0x0000000093e00000, 0x00000000d5580000)
  object space 325632K, 99% used [0x0000000080000000,0x0000000093df6028,0x0000000093e00000)
 Metaspace       used 71509K, committed 73024K, reserved 1114112K
  class space    used 7577K, committed 8192K, reserved 1048576K
}
Event: 25.762 GC heap before
{Heap before GC invocations=1149 (full 5):
 PSYoungGen      total 5632K, used 3360K [0x00000000d5580000, 0x00000000d5c00000, 0x0000000100000000)
  eden space 3072K, 100% used [0x00000000d5580000,0x00000000d5880000,0x00000000d5880000)
  from space 2560K, 11% used [0x00000000d5880000,0x00000000d58c8020,0x00000000d5b00000)
  to   space 1024K, 0% used [0x00000000d5b00000,0x00000000d5b00000,0x00000000d5c00000)
 ParOldGen       total 325632K, used 325592K [0x0000000080000000, 0x0000000093e00000, 0x00000000d5580000)
  object space 325632K, 99% used [0x0000000080000000,0x0000000093df6028,0x0000000093e00000)
 Metaspace       used 71509K, committed 73024K, reserved 1114112K
  class space    used 7577K, committed 8192K, reserved 1048576K
}
Event: 25.763 GC heap after
{Heap after GC invocations=1149 (full 5):
 PSYoungGen      total 4608K, used 160K [0x00000000d5580000, 0x00000000d5b80000, 0x0000000100000000)
  eden space 4096K, 0% used [0x00000000d5580000,0x00000000d5580000,0x00000000d5980000)
  from space 512K, 31% used [0x00000000d5b00000,0x00000000d5b28000,0x00000000d5b80000)
  to   space 512K, 0% used [0x00000000d5a80000,0x00000000d5a80000,0x00000000d5b00000)
 ParOldGen       total 326144K, used 325840K [0x0000000080000000, 0x0000000093e80000, 0x00000000d5580000)
  object space 326144K, 99% used [0x0000000080000000,0x0000000093e34048,0x0000000093e80000)
 Metaspace       used 71509K, committed 73024K, reserved 1114112K
  class space    used 7577K, committed 8192K, reserved 1048576K
}
Event: 25.939 GC heap before
{Heap before GC invocations=1150 (full 5):
 PSYoungGen      total 4608K, used 4256K [0x00000000d5580000, 0x00000000d5b80000, 0x0000000100000000)
  eden space 4096K, 100% used [0x00000000d5580000,0x00000000d5980000,0x00000000d5980000)
  from space 512K, 31% used [0x00000000d5b00000,0x00000000d5b28000,0x00000000d5b80000)
  to   space 512K, 0% used [0x00000000d5a80000,0x00000000d5a80000,0x00000000d5b00000)
 ParOldGen       total 326144K, used 325840K [0x0000000080000000, 0x0000000093e80000, 0x00000000d5580000)
  object space 326144K, 99% used [0x0000000080000000,0x0000000093e34048,0x0000000093e80000)
 Metaspace       used 71520K, committed 73024K, reserved 1114112K
  class space    used 7577K, committed 8192K, reserved 1048576K
}
Event: 25.940 GC heap after
{Heap after GC invocations=1150 (full 5):
 PSYoungGen      total 4608K, used 224K [0x00000000d5580000, 0x00000000d5b80000, 0x0000000100000000)
  eden space 4096K, 0% used [0x00000000d5580000,0x00000000d5580000,0x00000000d5980000)
  from space 512K, 43% used [0x00000000d5a80000,0x00000000d5ab8000,0x00000000d5b00000)
  to   space 512K, 0% used [0x00000000d5b00000,0x00000000d5b00000,0x00000000d5b80000)
 ParOldGen       total 326144K, used 325880K [0x0000000080000000, 0x0000000093e80000, 0x00000000d5580000)
  object space 326144K, 99% used [0x0000000080000000,0x0000000093e3e048,0x0000000093e80000)
 Metaspace       used 71520K, committed 73024K, reserved 1114112K
  class space    used 7577K, committed 8192K, reserved 1048576K
}
Event: 31.484 GC heap before
{Heap before GC invocations=1151 (full 5):
 PSYoungGen      total 4608K, used 4320K [0x00000000d5580000, 0x00000000d5b80000, 0x0000000100000000)
  eden space 4096K, 100% used [0x00000000d5580000,0x00000000d5980000,0x00000000d5980000)
  from space 512K, 43% used [0x00000000d5a80000,0x00000000d5ab8000,0x00000000d5b00000)
  to   space 512K, 0% used [0x00000000d5b00000,0x00000000d5b00000,0x00000000d5b80000)
 ParOldGen       total 326144K, used 325880K [0x0000000080000000, 0x0000000093e80000, 0x00000000d5580000)
  object space 326144K, 99% used [0x0000000080000000,0x0000000093e3e048,0x0000000093e80000)
 Metaspace       used 71592K, committed 73088K, reserved 1114112K
  class space    used 7579K, committed 8192K, reserved 1048576K
}
Event: 31.486 GC heap after
{Heap after GC invocations=1151 (full 5):
 PSYoungGen      total 4608K, used 480K [0x00000000d5580000, 0x00000000d5b80000, 0x0000000100000000)
  eden space 4096K, 0% used [0x00000000d5580000,0x00000000d5580000,0x00000000d5980000)
  from space 512K, 93% used [0x00000000d5b00000,0x00000000d5b78030,0x00000000d5b80000)
  to   space 1024K, 0% used [0x00000000d5980000,0x00000000d5980000,0x00000000d5a80000)
 ParOldGen       total 326656K, used 326280K [0x0000000080000000, 0x0000000093f00000, 0x00000000d5580000)
  object space 326656K, 99% used [0x0000000080000000,0x0000000093ea2048,0x0000000093f00000)
 Metaspace       used 71592K, committed 73088K, reserved 1114112K
  class space    used 7579K, committed 8192K, reserved 1048576K
}
Event: 83.275 GC heap before
{Heap before GC invocations=1152 (full 5):
 PSYoungGen      total 4608K, used 4576K [0x00000000d5580000, 0x00000000d5b80000, 0x0000000100000000)
  eden space 4096K, 100% used [0x00000000d5580000,0x00000000d5980000,0x00000000d5980000)
  from space 512K, 93% used [0x00000000d5b00000,0x00000000d5b78030,0x00000000d5b80000)
  to   space 1024K, 0% used [0x00000000d5980000,0x00000000d5980000,0x00000000d5a80000)
 ParOldGen       total 326656K, used 326280K [0x0000000080000000, 0x0000000093f00000, 0x00000000d5580000)
  object space 326656K, 99% used [0x0000000080000000,0x0000000093ea2048,0x0000000093f00000)
 Metaspace       used 71940K, committed 73408K, reserved 1114112K
  class space    used 7615K, committed 8256K, reserved 1048576K
}
Event: 83.276 GC heap after
{Heap after GC invocations=1152 (full 5):
 PSYoungGen      total 5120K, used 372K [0x00000000d5580000, 0x00000000d5b80000, 0x0000000100000000)
  eden space 4096K, 0% used [0x00000000d5580000,0x00000000d5580000,0x00000000d5980000)
  from space 1024K, 36% used [0x00000000d5980000,0x00000000d59dd220,0x00000000d5a80000)
  to   space 1024K, 0% used [0x00000000d5a80000,0x00000000d5a80000,0x00000000d5b80000)
 ParOldGen       total 326656K, used 326464K [0x0000000080000000, 0x0000000093f00000, 0x00000000d5580000)
  object space 326656K, 99% used [0x0000000080000000,0x0000000093ed0048,0x0000000093f00000)
 Metaspace       used 71940K, committed 73408K, reserved 1114112K
  class space    used 7615K, committed 8256K, reserved 1048576K
}
Event: 83.293 GC heap before
{Heap before GC invocations=1153 (full 5):
 PSYoungGen      total 5120K, used 4468K [0x00000000d5580000, 0x00000000d5b80000, 0x0000000100000000)
  eden space 4096K, 100% used [0x00000000d5580000,0x00000000d5980000,0x00000000d5980000)
  from space 1024K, 36% used [0x00000000d5980000,0x00000000d59dd220,0x00000000d5a80000)
  to   space 1024K, 0% used [0x00000000d5a80000,0x00000000d5a80000,0x00000000d5b80000)
 ParOldGen       total 326656K, used 326464K [0x0000000080000000, 0x0000000093f00000, 0x00000000d5580000)
  object space 326656K, 99% used [0x0000000080000000,0x0000000093ed0048,0x0000000093f00000)
 Metaspace       used 71940K, committed 73408K, reserved 1114112K
  class space    used 7615K, committed 8256K, reserved 1048576K
}
Event: 83.295 GC heap after
{Heap after GC invocations=1153 (full 5):
 PSYoungGen      total 2560K, used 1023K [0x00000000d5580000, 0x00000000d6080000, 0x0000000100000000)
  eden space 1536K, 0% used [0x00000000d5580000,0x00000000d5580000,0x00000000d5700000)
  from space 1024K, 99% used [0x00000000d5a80000,0x00000000d5b7ffe0,0x00000000d5b80000)
  to   space 3584K, 0% used [0x00000000d5700000,0x00000000d5700000,0x00000000d5a80000)
 ParOldGen       total 328192K, used 328140K [0x0000000080000000, 0x0000000094080000, 0x00000000d5580000)
  object space 328192K, 99% used [0x0000000080000000,0x0000000094073238,0x0000000094080000)
 Metaspace       used 71940K, committed 73408K, reserved 1114112K
  class space    used 7615K, committed 8256K, reserved 1048576K
}
Event: 83.305 GC heap before
{Heap before GC invocations=1154 (full 5):
 PSYoungGen      total 2560K, used 2559K [0x00000000d5580000, 0x00000000d6080000, 0x0000000100000000)
  eden space 1536K, 99% used [0x00000000d5580000,0x00000000d56fffe0,0x00000000d5700000)
  from space 1024K, 99% used [0x00000000d5a80000,0x00000000d5b7ffe0,0x00000000d5b80000)
  to   space 3584K, 0% used [0x00000000d5700000,0x00000000d5700000,0x00000000d5a80000)
 ParOldGen       total 328192K, used 328140K [0x0000000080000000, 0x0000000094080000, 0x00000000d5580000)
  object space 328192K, 99% used [0x0000000080000000,0x0000000094073238,0x0000000094080000)
 Metaspace       used 71940K, committed 73408K, reserved 1114112K
  class space    used 7615K, committed 8256K, reserved 1048576K
}
Event: 83.306 GC heap after
{Heap after GC invocations=1154 (full 5):
 PSYoungGen      total 3072K, used 1280K [0x00000000d5580000, 0x00000000d5b00000, 0x0000000100000000)
  eden space 1536K, 0% used [0x00000000d5580000,0x00000000d5580000,0x00000000d5700000)
  from space 1536K, 83% used [0x00000000d5700000,0x00000000d5840388,0x00000000d5880000)
  to   space 2048K, 0% used [0x00000000d5900000,0x00000000d5900000,0x00000000d5b00000)
 ParOldGen       total 329216K, used 329182K [0x0000000080000000, 0x0000000094180000, 0x00000000d5580000)
  object space 329216K, 99% used [0x0000000080000000,0x00000000941779f0,0x0000000094180000)
 Metaspace       used 71940K, committed 73408K, reserved 1114112K
  class space    used 7615K, committed 8256K, reserved 1048576K
}
Event: 83.313 GC heap before
{Heap before GC invocations=1155 (full 5):
 PSYoungGen      total 3072K, used 2796K [0x00000000d5580000, 0x00000000d5b00000, 0x0000000100000000)
  eden space 1536K, 98% used [0x00000000d5580000,0x00000000d56faff0,0x00000000d5700000)
  from space 1536K, 83% used [0x00000000d5700000,0x00000000d5840388,0x00000000d5880000)
  to   space 2048K, 0% used [0x00000000d5900000,0x00000000d5900000,0x00000000d5b00000)
 ParOldGen       total 329216K, used 329182K [0x0000000080000000, 0x0000000094180000, 0x00000000d5580000)
  object space 329216K, 99% used [0x0000000080000000,0x00000000941779f0,0x0000000094180000)
 Metaspace       used 71940K, committed 73408K, reserved 1114112K
  class space    used 7615K, committed 8256K, reserved 1048576K
}
Event: 83.315 GC heap after
{Heap after GC invocations=1155 (full 5):
 PSYoungGen      total 3072K, used 1344K [0x00000000d5580000, 0x00000000d5a80000, 0x0000000100000000)
  eden space 1536K, 0% used [0x00000000d5580000,0x00000000d5580000,0x00000000d5700000)
  from space 1536K, 87% used [0x00000000d5900000,0x00000000d5a50070,0x00000000d5a80000)
  to   space 1536K, 0% used [0x00000000d5700000,0x00000000d5700000,0x00000000d5880000)
 ParOldGen       total 330752K, used 330338K [0x0000000080000000, 0x0000000094300000, 0x00000000d5580000)
  object space 330752K, 99% used [0x0000000080000000,0x0000000094298b60,0x0000000094300000)
 Metaspace       used 71940K, committed 73408K, reserved 1114112K
  class space    used 7615K, committed 8256K, reserved 1048576K
}
Event: 83.328 GC heap before
{Heap before GC invocations=1156 (full 5):
 PSYoungGen      total 3072K, used 2880K [0x00000000d5580000, 0x00000000d5a80000, 0x0000000100000000)
  eden space 1536K, 100% used [0x00000000d5580000,0x00000000d5700000,0x00000000d5700000)
  from space 1536K, 87% used [0x00000000d5900000,0x00000000d5a50070,0x00000000d5a80000)
  to   space 1536K, 0% used [0x00000000d5700000,0x00000000d5700000,0x00000000d5880000)
 ParOldGen       total 330752K, used 330338K [0x0000000080000000, 0x0000000094300000, 0x00000000d5580000)
  object space 330752K, 99% used [0x0000000080000000,0x0000000094298b60,0x0000000094300000)
 Metaspace       used 72013K, committed 73472K, reserved 1114112K
  class space    used 7636K, committed 8256K, reserved 1048576K
}
Event: 83.330 GC heap after
{Heap after GC invocations=1156 (full 5):
 PSYoungGen      total 3072K, used 808K [0x00000000d5580000, 0x00000000d5980000, 0x0000000100000000)
  eden space 1536K, 0% used [0x00000000d5580000,0x00000000d5580000,0x00000000d5700000)
  from space 1536K, 52% used [0x00000000d5700000,0x00000000d57ca0d0,0x00000000d5880000)
  to   space 1024K, 0% used [0x00000000d5880000,0x00000000d5880000,0x00000000d5980000)
 ParOldGen       total 331776K, used 331535K [0x0000000080000000, 0x0000000094400000, 0x00000000d5580000)
  object space 331776K, 99% used [0x0000000080000000,0x00000000943c3e30,0x0000000094400000)
 Metaspace       used 72013K, committed 73472K, reserved 1114112K
  class space    used 7636K, committed 8256K, reserved 1048576K
}

