# JRE version: OpenJDK Runtime Environment Temurin-21.0.10+7 (21.0.10+7) (build 21.0.10+7-LTS)
# Java VM: OpenJDK 64-Bit Server VM Temurin-21.0.10+7 (21.0.10+7-LTS, mixed mode, sharing, tiered, compressed oops, compressed class ptrs, parallel gc, windows-amd64)
GC Precious Log:
 CardTable entry size: 512
 CPUs: 8 total, 8 available
 Memory: 16155M
 Large Page Support: Disabled
 NUMA Support: Disabled
 Compressed Oops: Enabled (32-bit)
 Alignments: Space 512K, Generation 512K, Heap 2M
 Heap Min Capacity: 100M
 Heap Initial Capacity: 100M
 Heap Max Capacity: 2G
 Pre-touch: Disabled
 Parallel Workers: 8
Heap:
 PSYoungGen      total 1536K, used 1289K [0x00000000d5580000, 0x00000000d5880000, 0x0000000100000000)
  eden space 1024K, 97% used [0x00000000d5580000,0x00000000d567a720,0x00000000d5680000)
  from space 512K, 56% used [0x00000000d5780000,0x00000000d57c8000,0x00000000d5800000)
  to   space 512K, 0% used [0x00000000d5800000,0x00000000d5800000,0x00000000d5880000)
 ParOldGen       total 456192K, used 456126K [0x0000000080000000, 0x000000009bd80000, 0x00000000d5580000)
  object space 456192K, 99% used [0x0000000080000000,0x000000009bd6fad8,0x000000009bd80000)
 Metaspace       used 68703K, committed 70272K, reserved 1114112K
  class space    used 6999K, committed 7680K, reserved 1048576K
GC Heap History (20 events):
Event: 1517.459 GC heap before
{Heap before GC invocations=955 (full 4):
 PSYoungGen      total 2048K, used 1984K [0x00000000d5580000, 0x00000000d5880000, 0x0000000100000000)
  eden space 1024K, 100% used [0x00000000d5580000,0x00000000d5680000,0x00000000d5680000)
  from space 1024K, 93% used [0x00000000d5680000,0x00000000d5770000,0x00000000d5780000)
  to   space 1024K, 0% used [0x00000000d5780000,0x00000000d5780000,0x00000000d5880000)
 ParOldGen       total 451584K, used 451531K [0x0000000080000000, 0x000000009b900000, 0x00000000d5580000)
  object space 451584K, 99% used [0x0000000080000000,0x000000009b8f2c50,0x000000009b900000)
 Metaspace       used 68607K, committed 70144K, reserved 1114112K
  class space    used 6999K, committed 7680K, reserved 1048576K
}
Event: 1517.462 GC heap after
{Heap after GC invocations=955 (full 4):
 PSYoungGen      total 2048K, used 864K [0x00000000d5580000, 0x00000000d5880000, 0x0000000100000000)
  eden space 1024K, 0% used [0x00000000d5580000,0x00000000d5580000,0x00000000d5680000)
  from space 1024K, 84% used [0x00000000d5780000,0x00000000d5858000,0x00000000d5880000)
  to   space 1024K, 0% used [0x00000000d5680000,0x00000000d5680000,0x00000000d5780000)
 ParOldGen       total 452608K, used 452451K [0x0000000080000000, 0x000000009ba00000, 0x00000000d5580000)
  object space 452608K, 99% used [0x0000000080000000,0x000000009b9d8c50,0x000000009ba00000)
 Metaspace       used 68607K, committed 70144K, reserved 1114112K
  class space    used 6999K, committed 7680K, reserved 1048576K
}
Event: 1517.508 GC heap before
{Heap before GC invocations=956 (full 4):
 PSYoungGen      total 2048K, used 1888K [0x00000000d5580000, 0x00000000d5880000, 0x0000000100000000)
  eden space 1024K, 100% used [0x00000000d5580000,0x00000000d5680000,0x00000000d5680000)
  from space 1024K, 84% used [0x00000000d5780000,0x00000000d5858000,0x00000000d5880000)
  to   space 1024K, 0% used [0x00000000d5680000,0x00000000d5680000,0x00000000d5780000)
 ParOldGen       total 452608K, used 452451K [0x0000000080000000, 0x000000009ba00000, 0x00000000d5580000)
  object space 452608K, 99% used [0x0000000080000000,0x000000009b9d8c50,0x000000009ba00000)
 Metaspace       used 68629K, committed 70208K, reserved 1114112K
  class space    used 6999K, committed 7680K, reserved 1048576K
}
Event: 1517.511 GC heap after
{Heap after GC invocations=956 (full 4):
 PSYoungGen      total 2048K, used 512K [0x00000000d5580000, 0x00000000d5880000, 0x0000000100000000)
  eden space 1024K, 0% used [0x00000000d5580000,0x00000000d5580000,0x00000000d5680000)
  from space 1024K, 50% used [0x00000000d5680000,0x00000000d5700000,0x00000000d5780000)
  to   space 1024K, 0% used [0x00000000d5780000,0x00000000d5780000,0x00000000d5880000)
 ParOldGen       total 453632K, used 453219K [0x0000000080000000, 0x000000009bb00000, 0x00000000d5580000)
  object space 453632K, 99% used [0x0000000080000000,0x000000009ba98c50,0x000000009bb00000)
 Metaspace       used 68629K, committed 70208K, reserved 1114112K
  class space    used 6999K, committed 7680K, reserved 1048576K
}
Event: 1517.522 GC heap before
{Heap before GC invocations=957 (full 4):
 PSYoungGen      total 2048K, used 1484K [0x00000000d5580000, 0x00000000d5880000, 0x0000000100000000)
  eden space 1024K, 94% used [0x00000000d5580000,0x00000000d5673110,0x00000000d5680000)
  from space 1024K, 50% used [0x00000000d5680000,0x00000000d5700000,0x00000000d5780000)
  to   space 1024K, 0% used [0x00000000d5780000,0x00000000d5780000,0x00000000d5880000)
 ParOldGen       total 453632K, used 453219K [0x0000000080000000, 0x000000009bb00000, 0x00000000d5580000)
  object space 453632K, 99% used [0x0000000080000000,0x000000009ba98c50,0x000000009bb00000)
 Metaspace       used 68629K, committed 70208K, reserved 1114112K
  class space    used 6999K, committed 7680K, reserved 1048576K
}
Event: 1517.529 GC heap after
{Heap after GC invocations=957 (full 4):
 PSYoungGen      total 2048K, used 896K [0x00000000d5580000, 0x00000000d5880000, 0x0000000100000000)
  eden space 1024K, 0% used [0x00000000d5580000,0x00000000d5580000,0x00000000d5680000)
  from space 1024K, 87% used [0x00000000d5780000,0x00000000d5860000,0x00000000d5880000)
  to   space 1024K, 0% used [0x00000000d5680000,0x00000000d5680000,0x00000000d5780000)
 ParOldGen       total 454144K, used 453645K [0x0000000080000000, 0x000000009bb80000, 0x00000000d5580000)
  object space 454144K, 99% used [0x0000000080000000,0x000000009bb035d0,0x000000009bb80000)
 Metaspace       used 68629K, committed 70208K, reserved 1114112K
  class space    used 6999K, committed 7680K, reserved 1048576K
}
Event: 1517.614 GC heap before
{Heap before GC invocations=958 (full 4):
 PSYoungGen      total 2048K, used 1920K [0x00000000d5580000, 0x00000000d5880000, 0x0000000100000000)
  eden space 1024K, 100% used [0x00000000d5580000,0x00000000d5680000,0x00000000d5680000)
  from space 1024K, 87% used [0x00000000d5780000,0x00000000d5860000,0x00000000d5880000)
  to   space 1024K, 0% used [0x00000000d5680000,0x00000000d5680000,0x00000000d5780000)
 ParOldGen       total 454144K, used 453645K [0x0000000080000000, 0x000000009bb80000, 0x00000000d5580000)
  object space 454144K, 99% used [0x0000000080000000,0x000000009bb035d0,0x000000009bb80000)
 Metaspace       used 68629K, committed 70208K, reserved 1114112K
  class space    used 6999K, committed 7680K, reserved 1048576K
}
Event: 1517.616 GC heap after
{Heap after GC invocations=958 (full 4):
 PSYoungGen      total 2048K, used 1024K [0x00000000d5580000, 0x00000000d5980000, 0x0000000100000000)
  eden space 1024K, 0% used [0x00000000d5580000,0x00000000d5580000,0x00000000d5680000)
  from space 1024K, 100% used [0x00000000d5680000,0x00000000d5780000,0x00000000d5780000)
  to   space 1536K, 0% used [0x00000000d5800000,0x00000000d5800000,0x00000000d5980000)
 ParOldGen       total 454656K, used 454165K [0x0000000080000000, 0x000000009bc00000, 0x00000000d5580000)
  object space 454656K, 99% used [0x0000000080000000,0x000000009bb855d0,0x000000009bc00000)
 Metaspace       used 68629K, committed 70208K, reserved 1114112K
  class space    used 6999K, committed 7680K, reserved 1048576K
}
Event: 1517.741 GC heap before
{Heap before GC invocations=959 (full 4):
 PSYoungGen      total 2048K, used 2048K [0x00000000d5580000, 0x00000000d5980000, 0x0000000100000000)
  eden space 1024K, 100% used [0x00000000d5580000,0x00000000d5680000,0x00000000d5680000)
  from space 1024K, 100% used [0x00000000d5680000,0x00000000d5780000,0x00000000d5780000)
  to   space 1536K, 0% used [0x00000000d5800000,0x00000000d5800000,0x00000000d5980000)
 ParOldGen       total 454656K, used 454165K [0x0000000080000000, 0x000000009bc00000, 0x00000000d5580000)
  object space 454656K, 99% used [0x0000000080000000,0x000000009bb855d0,0x000000009bc00000)
 Metaspace       used 68629K, committed 70208K, reserved 1114112K
  class space    used 6999K, committed 7680K, reserved 1048576K
}
Event: 1517.743 GC heap after
{Heap after GC invocations=959 (full 4):
 PSYoungGen      total 1536K, used 448K [0x00000000d5580000, 0x00000000d5880000, 0x0000000100000000)
  eden space 1024K, 0% used [0x00000000d5580000,0x00000000d5580000,0x00000000d5680000)
  from space 512K, 87% used [0x00000000d5800000,0x00000000d5870000,0x00000000d5880000)
  to   space 1024K, 0% used [0x00000000d5680000,0x00000000d5680000,0x00000000d5780000)
 ParOldGen       total 455168K, used 454890K [0x0000000080000000, 0x000000009bc80000, 0x00000000d5580000)
  object space 455168K, 99% used [0x0000000080000000,0x000000009bc3a848,0x000000009bc80000)
 Metaspace       used 68629K, committed 70208K, reserved 1114112K
  class space    used 6999K, committed 7680K, reserved 1048576K
}
Event: 1517.758 GC heap before
{Heap before GC invocations=960 (full 4):
 PSYoungGen      total 1536K, used 1472K [0x00000000d5580000, 0x00000000d5880000, 0x0000000100000000)
  eden space 1024K, 100% used [0x00000000d5580000,0x00000000d5680000,0x00000000d5680000)
  from space 512K, 87% used [0x00000000d5800000,0x00000000d5870000,0x00000000d5880000)
  to   space 1024K, 0% used [0x00000000d5680000,0x00000000d5680000,0x00000000d5780000)
 ParOldGen       total 455168K, used 454890K [0x0000000080000000, 0x000000009bc80000, 0x00000000d5580000)
  object space 455168K, 99% used [0x0000000080000000,0x000000009bc3a848,0x000000009bc80000)
 Metaspace       used 68637K, committed 70208K, reserved 1114112K
  class space    used 6999K, committed 7680K, reserved 1048576K
}
Event: 1517.760 GC heap after
{Heap after GC invocations=960 (full 4):
 PSYoungGen      total 2048K, used 384K [0x00000000d5580000, 0x00000000d5880000, 0x0000000100000000)
  eden space 1024K, 0% used [0x00000000d5580000,0x00000000d5580000,0x00000000d5680000)
  from space 1024K, 37% used [0x00000000d5680000,0x00000000d56e0000,0x00000000d5780000)
  to   space 512K, 0% used [0x00000000d5800000,0x00000000d5800000,0x00000000d5880000)
 ParOldGen       total 455680K, used 455218K [0x0000000080000000, 0x000000009bd00000, 0x00000000d5580000)
  object space 455680K, 99% used [0x0000000080000000,0x000000009bc8c848,0x000000009bd00000)
 Metaspace       used 68637K, committed 70208K, reserved 1114112K
  class space    used 6999K, committed 7680K, reserved 1048576K
}
Event: 1517.779 GC heap before
{Heap before GC invocations=961 (full 4):
 PSYoungGen      total 2048K, used 1399K [0x00000000d5580000, 0x00000000d5880000, 0x0000000100000000)
  eden space 1024K, 99% used [0x00000000d5580000,0x00000000d567df60,0x00000000d5680000)
  from space 1024K, 37% used [0x00000000d5680000,0x00000000d56e0000,0x00000000d5780000)
  to   space 512K, 0% used [0x00000000d5800000,0x00000000d5800000,0x00000000d5880000)
 ParOldGen       total 455680K, used 455218K [0x0000000080000000, 0x000000009bd00000, 0x00000000d5580000)
  object space 455680K, 99% used [0x0000000080000000,0x000000009bc8c848,0x000000009bd00000)
 Metaspace       used 68658K, committed 70208K, reserved 1114112K
  class space    used 6999K, committed 7680K, reserved 1048576K
}
Event: 1517.780 GC heap after
{Heap after GC invocations=961 (full 4):
 PSYoungGen      total 1536K, used 368K [0x00000000d5580000, 0x00000000d5880000, 0x0000000100000000)
  eden space 1024K, 0% used [0x00000000d5580000,0x00000000d5580000,0x00000000d5680000)
  from space 512K, 71% used [0x00000000d5800000,0x00000000d585c010,0x00000000d5880000)
  to   space 512K, 0% used [0x00000000d5780000,0x00000000d5780000,0x00000000d5800000)
 ParOldGen       total 455680K, used 455482K [0x0000000080000000, 0x000000009bd00000, 0x00000000d5580000)
  object space 455680K, 99% used [0x0000000080000000,0x000000009bcce848,0x000000009bd00000)
 Metaspace       used 68658K, committed 70208K, reserved 1114112K
  class space    used 6999K, committed 7680K, reserved 1048576K
}
Event: 1517.796 GC heap before
{Heap before GC invocations=962 (full 4):
 PSYoungGen      total 1536K, used 1392K [0x00000000d5580000, 0x00000000d5880000, 0x0000000100000000)
  eden space 1024K, 100% used [0x00000000d5580000,0x00000000d5680000,0x00000000d5680000)
  from space 512K, 71% used [0x00000000d5800000,0x00000000d585c010,0x00000000d5880000)
  to   space 512K, 0% used [0x00000000d5780000,0x00000000d5780000,0x00000000d5800000)
 ParOldGen       total 455680K, used 455482K [0x0000000080000000, 0x000000009bd00000, 0x00000000d5580000)
  object space 455680K, 99% used [0x0000000080000000,0x000000009bcce848,0x000000009bd00000)
 Metaspace       used 68670K, committed 70208K, reserved 1114112K
  class space    used 6999K, committed 7680K, reserved 1048576K
}
Event: 1517.797 GC heap after
{Heap after GC invocations=962 (full 4):
 PSYoungGen      total 1536K, used 288K [0x00000000d5580000, 0x00000000d5880000, 0x0000000100000000)
  eden space 1024K, 0% used [0x00000000d5580000,0x00000000d5580000,0x00000000d5680000)
  from space 512K, 56% used [0x00000000d5780000,0x00000000d57c8000,0x00000000d5800000)
  to   space 512K, 0% used [0x00000000d5800000,0x00000000d5800000,0x00000000d5880000)
 ParOldGen       total 455680K, used 455679K [0x0000000080000000, 0x000000009bd00000, 0x00000000d5580000)
  object space 455680K, 99% used [0x0000000080000000,0x000000009bcfffc8,0x000000009bd00000)
 Metaspace       used 68670K, committed 70208K, reserved 1114112K
  class space    used 6999K, committed 7680K, reserved 1048576K
}
Event: 1517.921 GC heap before
{Heap before GC invocations=963 (full 4):
 PSYoungGen      total 1536K, used 1309K [0x00000000d5580000, 0x00000000d5880000, 0x0000000100000000)
  eden space 1024K, 99% used [0x00000000d5580000,0x00000000d567f7e8,0x00000000d5680000)
  from space 512K, 56% used [0x00000000d5780000,0x00000000d57c8000,0x00000000d5800000)
  to   space 512K, 0% used [0x00000000d5800000,0x00000000d5800000,0x00000000d5880000)
 ParOldGen       total 455680K, used 455679K [0x0000000080000000, 0x000000009bd00000, 0x00000000d5580000)
  object space 455680K, 99% used [0x0000000080000000,0x000000009bcfffc8,0x000000009bd00000)
 Metaspace       used 68694K, committed 70272K, reserved 1114112K
  class space    used 6999K, committed 7680K, reserved 1048576K
}
Event: 1517.923 GC heap after
{Heap after GC invocations=963 (full 4):
 PSYoungGen      total 1536K, used 438K [0x00000000d5580000, 0x00000000d5880000, 0x0000000100000000)
  eden space 1024K, 0% used [0x00000000d5580000,0x00000000d5580000,0x00000000d5680000)
  from space 512K, 85% used [0x00000000d5800000,0x00000000d586d8e8,0x00000000d5880000)
  to   space 512K, 0% used [0x00000000d5780000,0x00000000d5780000,0x00000000d5800000)
 ParOldGen       total 456192K, used 455811K [0x0000000080000000, 0x000000009bd80000, 0x00000000d5580000)
  object space 456192K, 99% used [0x0000000080000000,0x000000009bd20fe8,0x000000009bd80000)
 Metaspace       used 68694K, committed 70272K, reserved 1114112K
  class space    used 6999K, committed 7680K, reserved 1048576K
}
Event: 1517.973 GC heap before
{Heap before GC invocations=964 (full 4):
 PSYoungGen      total 1536K, used 1462K [0x00000000d5580000, 0x00000000d5880000, 0x0000000100000000)
  eden space 1024K, 99% used [0x00000000d5580000,0x00000000d567fff8,0x00000000d5680000)
  from space 512K, 85% used [0x00000000d5800000,0x00000000d586d8e8,0x00000000d5880000)
  to   space 512K, 0% used [0x00000000d5780000,0x00000000d5780000,0x00000000d5800000)
 ParOldGen       total 456192K, used 455811K [0x0000000080000000, 0x000000009bd80000, 0x00000000d5580000)
  object space 456192K, 99% used [0x0000000080000000,0x000000009bd20fe8,0x000000009bd80000)
 Metaspace       used 68702K, committed 70272K, reserved 1114112K
  class space    used 6999K, committed 7680K, reserved 1048576K
}
Event: 1517.977 GC heap after
{Heap after GC invocations=964 (full 4):
 PSYoungGen      total 1536K, used 288K [0x00000000d5580000, 0x00000000d5880000, 0x0000000100000000)
  eden space 1024K, 0% used [0x00000000d5580000,0x00000000d5580000,0x00000000d5680000)
  from space 512K, 56% used [0x00000000d5780000,0x00000000d57c8000,0x00000000d5800000)
  to   space 512K, 0% used [0x00000000d5800000,0x00000000d5800000,0x00000000d5880000)
 ParOldGen       total 456192K, used 456126K [0x0000000080000000, 0x000000009bd80000, 0x00000000d5580000)
  object space 456192K, 99% used [0x0000000080000000,0x000000009bd6fad8,0x000000009bd80000)
 Metaspace       used 68702K, committed 70272K, reserved 1114112K
  class space    used 6999K, committed 7680K, reserved 1048576K
}

